2026-04-10 11:46:42,388 INFO o.a.j.u.JMeterUtils: Setting Locale to en_EN
2026-04-10 11:46:42,409 INFO o.a.j.JMeter: Loading user properties from: C:\Users\Vaibhav Jain\Downloads\apache-jmeter-5.6.3\apache-jmeter-5.6.3\bin\user.properties
2026-04-10 11:46:42,425 INFO o.a.j.JMeter: Loading system properties from: C:\Users\Vaibhav Jain\Downloads\apache-jmeter-5.6.3\apache-jmeter-5.6.3\bin\system.properties
2026-04-10 11:46:42,425 INFO o.a.j.JMeter: Copyright (c) 1998-2024 The Apache Software Foundation
2026-04-10 11:46:42,425 INFO o.a.j.JMeter: Version 5.6.3
2026-04-10 11:46:42,425 INFO o.a.j.JMeter: java.version=1.8.0_482-482
2026-04-10 11:46:42,425 INFO o.a.j.JMeter: java.vm.name=OpenJDK 64-Bit Server VM
2026-04-10 11:46:42,425 INFO o.a.j.JMeter: os.name=Windows 10
2026-04-10 11:46:42,425 INFO o.a.j.JMeter: os.arch=amd64
2026-04-10 11:46:42,425 INFO o.a.j.JMeter: os.version=10.0
2026-04-10 11:46:42,425 INFO o.a.j.JMeter: file.encoding=Cp1252
2026-04-10 11:46:42,425 INFO o.a.j.JMeter: java.awt.headless=true
2026-04-10 11:46:42,425 INFO o.a.j.JMeter: Max memory     =1073741824
2026-04-10 11:46:42,425 INFO o.a.j.JMeter: Available Processors =12
2026-04-10 11:46:42,425 INFO o.a.j.JMeter: Default Locale=English (EN)
2026-04-10 11:46:42,425 INFO o.a.j.JMeter: JMeter  Locale=English (EN)
2026-04-10 11:46:42,425 INFO o.a.j.JMeter: JMeterHome=C:\Users\Vaibhav Jain\Downloads\apache-jmeter-5.6.3\apache-jmeter-5.6.3
2026-04-10 11:46:42,425 INFO o.a.j.JMeter: user.dir  =C:\Users\Vaibhav Jain\Projects\JmeterProjects
2026-04-10 11:46:42,425 INFO o.a.j.JMeter: PWD       =C:\Users\Vaibhav Jain\Projects\JmeterProjects
2026-04-10 11:46:42,425 INFO o.a.j.JMeter: IP: 192.168.1.11 Name: DESKTOP-CAQKO36 FullName: DESKTOP-CAQKO36
2026-04-10 11:46:42,441 INFO o.a.j.s.FileServer: Default base='C:\Users\Vaibhav Jain\Projects\JmeterProjects'
2026-04-10 11:46:42,449 INFO o.a.j.s.FileServer: Set new base='C:\Users\Vaibhav Jain\Projects\JmeterProjects'
2026-04-10 11:46:42,565 INFO o.a.j.s.SaveService: Testplan (JMX) version: 2.2. Testlog (JTL) version: 2.2
2026-04-10 11:46:42,588 INFO o.a.j.s.SaveService: Using SaveService properties file encoding UTF-8
2026-04-10 11:46:42,588 INFO o.a.j.s.SaveService: Using SaveService properties version 5.0
2026-04-10 11:46:42,588 INFO o.a.j.s.SaveService: Loading file: BlazeDemoJMeterJenkins.jmx
2026-04-10 11:46:42,641 INFO o.a.j.p.h.s.HTTPSamplerBase: Parser for text/html is org.apache.jmeter.protocol.http.parser.LagartoBasedHtmlParser
2026-04-10 11:46:42,641 INFO o.a.j.p.h.s.HTTPSamplerBase: Parser for application/xhtml+xml is org.apache.jmeter.protocol.http.parser.LagartoBasedHtmlParser
2026-04-10 11:46:42,641 INFO o.a.j.p.h.s.HTTPSamplerBase: Parser for application/xml is org.apache.jmeter.protocol.http.parser.LagartoBasedHtmlParser
2026-04-10 11:46:42,641 INFO o.a.j.p.h.s.HTTPSamplerBase: Parser for text/xml is org.apache.jmeter.protocol.http.parser.LagartoBasedHtmlParser
2026-04-10 11:46:42,641 INFO o.a.j.p.h.s.HTTPSamplerBase: Parser for text/vnd.wap.wml is org.apache.jmeter.protocol.http.parser.RegexpHTMLParser
2026-04-10 11:46:42,641 INFO o.a.j.p.h.s.HTTPSamplerBase: Parser for text/css is org.apache.jmeter.protocol.http.parser.CssParser
2026-04-10 11:46:43,527 INFO o.a.j.e.KeyToolUtils: keytool found at 'keytool'
2026-04-10 11:46:43,527 INFO o.a.j.p.h.p.ProxyControl: HTTP(S) Test Script Recorder SSL Proxy will use keys that support embedded 3rd party resources in file C:\Users\Vaibhav Jain\Downloads\apache-jmeter-5.6.3\apache-jmeter-5.6.3\bin\proxyserver.jks
2026-04-10 11:46:43,558 INFO o.a.j.JMeter: Creating summariser <summary>
2026-04-10 11:46:43,574 INFO o.a.j.e.StandardJMeterEngine: Running the test!
2026-04-10 11:46:43,574 INFO o.a.j.s.SampleEvent: List of sample_variables: []
2026-04-10 11:46:43,574 INFO o.a.j.s.SampleEvent: List of sample_variables: []
2026-04-10 11:46:43,589 INFO o.a.j.e.u.CompoundVariable: Note: Function class names must contain the string: '.functions.'
2026-04-10 11:46:43,589 INFO o.a.j.e.u.CompoundVariable: Note: Function class names must not contain the string: '.gui.'
2026-04-10 11:46:43,859 INFO o.a.j.r.ClassFinder: Will scan jar C:\Users\Vaibhav Jain\Downloads\apache-jmeter-5.6.3\apache-jmeter-5.6.3\lib\ext\jmeter-plugins-manager-1.12.jar with filter ExtendsClassFilter [parents=[interface org.apache.jmeter.functions.Function], inner=false, contains=null, notContains=null]. Consider exposing JMeter plugins via META-INF/services, and add JMeter-Skip-Class-Scanning=true manifest attribute so JMeter can skip classfile scanning
2026-04-10 11:46:43,990 INFO o.a.j.r.ClassFinder: Will scan jar C:\Users\Vaibhav Jain\Downloads\apache-jmeter-5.6.3\apache-jmeter-5.6.3\lib\ext\jmeter-plugins-perfmon-2.1.jar with filter ExtendsClassFilter [parents=[interface org.apache.jmeter.functions.Function], inner=false, contains=null, notContains=null]. Consider exposing JMeter plugins via META-INF/services, and add JMeter-Skip-Class-Scanning=true manifest attribute so JMeter can skip classfile scanning
2026-04-10 11:46:43,990 INFO o.a.j.r.ClassFinder: Will scan jar C:\Users\Vaibhav Jain\Downloads\apache-jmeter-5.6.3\apache-jmeter-5.6.3\lib\ext\perfmon-2.2.2.jar with filter ExtendsClassFilter [parents=[interface org.apache.jmeter.functions.Function], inner=false, contains=null, notContains=null]. Consider exposing JMeter plugins via META-INF/services, and add JMeter-Skip-Class-Scanning=true manifest attribute so JMeter can skip classfile scanning
2026-04-10 11:46:44,012 INFO o.a.j.r.ClassFinder: Will scan jar C:\Users\Vaibhav Jain\Downloads\apache-jmeter-5.6.3\apache-jmeter-5.6.3\lib\ext\jmeter-plugins-casutg-3.1.1.jar with filter ExtendsClassFilter [parents=[interface org.apache.jmeter.functions.Function], inner=false, contains=null, notContains=null]. Consider exposing JMeter plugins via META-INF/services, and add JMeter-Skip-Class-Scanning=true manifest attribute so JMeter can skip classfile scanning
2026-04-10 11:46:44,028 INFO o.a.j.r.ClassFinder: Will scan jar C:\Users\Vaibhav Jain\Downloads\apache-jmeter-5.6.3\apache-jmeter-5.6.3\lib\ext\jmeter-plugins-cmn-jmeter-0.7.jar with filter ExtendsClassFilter [parents=[interface org.apache.jmeter.functions.Function], inner=false, contains=null, notContains=null]. Consider exposing JMeter plugins via META-INF/services, and add JMeter-Skip-Class-Scanning=true manifest attribute so JMeter can skip classfile scanning
2026-04-10 11:46:44,044 INFO o.a.j.r.ClassFinder: Will scan jar C:\Users\Vaibhav Jain\Downloads\apache-jmeter-5.6.3\apache-jmeter-5.6.3\lib\ext\jmeter-parallel-0.12.jar with filter ExtendsClassFilter [parents=[interface org.apache.jmeter.functions.Function], inner=false, contains=null, notContains=null]. Consider exposing JMeter plugins via META-INF/services, and add JMeter-Skip-Class-Scanning=true manifest attribute so JMeter can skip classfile scanning
2026-04-10 11:46:44,044 INFO o.a.j.r.ClassFinder: Will scan jar C:\Users\Vaibhav Jain\Downloads\apache-jmeter-5.6.3\apache-jmeter-5.6.3\lib\ext\cmdrunner-2.3.jar with filter ExtendsClassFilter [parents=[interface org.apache.jmeter.functions.Function], inner=false, contains=null, notContains=null]. Consider exposing JMeter plugins via META-INF/services, and add JMeter-Skip-Class-Scanning=true manifest attribute so JMeter can skip classfile scanning
2026-04-10 11:46:44,044 INFO o.a.j.r.ClassFinder: Will scan jar C:\Users\Vaibhav Jain\Downloads\apache-jmeter-5.6.3\apache-jmeter-5.6.3\lib\ext\json-lib-2.4-jdk15.jar with filter ExtendsClassFilter [parents=[interface org.apache.jmeter.functions.Function], inner=false, contains=null, notContains=null]. Consider exposing JMeter plugins via META-INF/services, and add JMeter-Skip-Class-Scanning=true manifest attribute so JMeter can skip classfile scanning
2026-04-10 11:46:44,060 INFO o.a.j.r.ClassFinder: Will scan jar C:\Users\Vaibhav Jain\Downloads\apache-jmeter-5.6.3\apache-jmeter-5.6.3\lib\ext\jmeter-plugins-dummy-0.4.jar with filter ExtendsClassFilter [parents=[interface org.apache.jmeter.functions.Function], inner=false, contains=null, notContains=null]. Consider exposing JMeter plugins via META-INF/services, and add JMeter-Skip-Class-Scanning=true manifest attribute so JMeter can skip classfile scanning
2026-04-10 11:46:44,076 INFO o.a.j.r.ClassFinder: Will scan jar C:\Users\Vaibhav Jain\Downloads\apache-jmeter-5.6.3\apache-jmeter-5.6.3\lib\ext\jmeter-plugins-utility-functions-1.1.3.jar with filter ExtendsClassFilter [parents=[interface org.apache.jmeter.functions.Function], inner=false, contains=null, notContains=null]. Consider exposing JMeter plugins via META-INF/services, and add JMeter-Skip-Class-Scanning=true manifest attribute so JMeter can skip classfile scanning
2026-04-10 11:46:44,076 INFO o.a.j.r.ClassFinder: Will scan jar C:\Users\Vaibhav Jain\Downloads\apache-jmeter-5.6.3\apache-jmeter-5.6.3\lib\ext\jmeter-plugins-functions-2.2.jar with filter ExtendsClassFilter [parents=[interface org.apache.jmeter.functions.Function], inner=false, contains=null, notContains=null]. Consider exposing JMeter plugins via META-INF/services, and add JMeter-Skip-Class-Scanning=true manifest attribute so JMeter can skip classfile scanning
2026-04-10 11:46:44,091 INFO o.a.j.JMeter: Running test (1775801804091)
2026-04-10 11:46:44,128 INFO o.a.j.e.StandardJMeterEngine: Starting ThreadGroup: 1 : Thread Group
2026-04-10 11:46:44,128 INFO o.a.j.e.StandardJMeterEngine: Starting 1 threads for group Thread Group.
2026-04-10 11:46:44,128 INFO o.a.j.e.StandardJMeterEngine: Thread will continue on error
2026-04-10 11:46:44,128 INFO o.a.j.t.ThreadGroup: Starting thread group... number=1 threads=1 ramp-up=1 delayedStart=false
2026-04-10 11:46:44,128 INFO o.a.j.t.ThreadGroup: Started thread group number 1
2026-04-10 11:46:44,128 INFO o.a.j.e.StandardJMeterEngine: All thread groups have been started
2026-04-10 11:46:44,128 INFO o.a.j.s.SampleResult: Note: Sample TimeStamps are START times
2026-04-10 11:46:44,128 INFO o.a.j.s.SampleResult: sampleresult.default.encoding is set to UTF-8
2026-04-10 11:46:44,128 INFO o.a.j.s.SampleResult: sampleresult.useNanoTime=true
2026-04-10 11:46:44,128 INFO o.a.j.s.SampleResult: sampleresult.nanoThreadSleep=5000
2026-04-10 11:46:44,143 INFO o.a.j.t.JMeterThread: Thread started: Thread Group 1-1
2026-04-10 11:46:44,902 INFO o.a.j.p.h.s.HTTPHCAbstractImpl: Local host = DESKTOP-CAQKO36
2026-04-10 11:46:44,902 INFO o.a.j.p.h.s.HTTPHC4Impl: HTTP request retry count = 0
2026-04-10 11:46:44,963 INFO o.a.j.p.h.s.h.LazyLayeredConnectionSocketFactory: Setting up HTTPS TrustAll Socket Factory
2026-04-10 11:46:44,979 INFO o.a.j.u.JsseSSLManager: Using default SSL protocol: TLS
2026-04-10 11:46:44,979 INFO o.a.j.u.JsseSSLManager: SSL session context: per-thread
2026-04-10 11:46:45,171 INFO o.a.j.u.SSLManager: JmeterKeyStore Location:  type JKS
2026-04-10 11:46:45,171 INFO o.a.j.u.SSLManager: KeyStore created OK
2026-04-10 11:46:45,171 WARN o.a.j.u.SSLManager: Keystore file not found, loading empty keystore
2026-04-10 11:46:50,109 INFO o.a.j.t.JMeterThread: Thread is done: Thread Group 1-1
2026-04-10 11:46:50,109 INFO o.a.j.t.JMeterThread: Thread finished: Thread Group 1-1
2026-04-10 11:46:50,109 INFO o.a.j.e.StandardJMeterEngine: Notifying test listeners of end of test
2026-04-10 11:46:50,109 INFO o.a.j.r.Summariser: summary =      0 in 00:00:00 = ******/s Avg:     0 Min: 9223372036854775807 Max: -9223372036854775808 Err:     0 (0.00%)
